HeaderLength=55
Version=3.1.66
ID System=WLS7-0068
ID Client=University of Colorado
Localisation=RNRG courtyard
GPS Localisation=45°35'24.10"N 120°40'18.95"W 459.0m
Comments=v1+ update test
Measurements informations :
********************
ScanAngle(°)=27.86
NumberOfAveragedShots=10000
RollAngle(°)=0.10
HeadingAngle(°)=-6.30
Altitudes(m)=	40	60	80	100	120	140	160	180	200	220
PitchAngle(°)=0.10
CNRThreshold=-22
WiperCNRThreshold=-19.0
WiperAltitude(m)=100.0
WiperDuration(ms)=1000.0
Wavelength(nm)=1543.00
Angle BetweenTwoPositions(°)=90
DirectionOffset(°)=0.000
Algorithm Parameters :
********************
Algorithm=MLE
MAOFrequency(Hz)=68000000.000
CutOffFrequency(Hz)=90000000.000
WindowLength(s)=0.000000E+0
IndexRange0=70
PathLaserPulse=C:\Program Files\Leosphere\windsoft\pulse_laser.sig
NumberOfSamples_LaserPulse=74
BeginIndex_LaserPulse=0
BeginIndex_NoiseReference=0
NumberOfNoiseWindowsByProfile=1
VrThreshold (m/s)=)1.700
SigmaFreqThreshold (m/s)=)0.750
Acquisition Parameters :
********************
SamplingInterval=4.000000E-9
NumberOfSamples=1024
VerticalCoupling=AC, 50 Ohm
Offset=0.000
FullScale=0.200
NumberOfSegments=100
TriggerSource=External
TriggerCoupling=DC, 50 Ohm (Ext. trig. only)
TriggerSlope=Positive
TriggerLevel1=3000
TriggerLevel2=0
DelayLine=4.000000E-7
AbsoluteInitialPosition(°)=0
RelativeInitialPosition(°)=0
InitialDate/Time=03/03/2016 23:48:48.65
Gain=32.797000
InitialLD1(mA)=IC1=320
InitialLD2(mA)=IC2=1650
Date	WiperCount	Tm	Vhm1	dVh1	VhMax1	VhMin1	Azim1	um1	du1	vm1	dv1	wm1	dw1	CNRm	dCNR	CNRmax	CNRmin	spectral_broadening	dspectral_broadening	Avail.1		Vhm2	dVh2	VhMax2	VhMin2	Azim2	um2	du2	vm2	dv2	wm2	dw2	CNRm	dCNR	CNRmax	CNRmin	spectral_broadening	dspectral_broadening	Avail.2		Vhm3	dVh3	VhMax3	VhMin3	Azim3	um3	du3	vm3	dv3	wm3	dw3	CNRm	dCNR	CNRmax	CNRmin	spectral_broadening	dspectral_broadening	Avail.3		Vhm4	dVh4	VhMax4	VhMin4	Azim4	um4	du4	vm4	dv4	wm4	dw4	CNRm	dCNR	CNRmax	CNRmin	spectral_broadening	dspectral_broadening	Avail.4		Vhm5	dVh5	VhMax5	VhMin5	Azim5	um5	du5	vm5	dv5	wm5	dw5	CNRm	dCNR	CNRmax	CNRmin	spectral_broadening	dspectral_broadening	Avail.5		Vhm6	dVh6	VhMax6	VhMin6	Azim6	um6	du6	vm6	dv6	wm6	dw6	CNRm	dCNR	CNRmax	CNRmin	spectral_broadening	dspectral_broadening	Avail.6		Vhm7	dVh7	VhMax7	VhMin7	Azim7	um7	du7	vm7	dv7	wm7	dw7	CNRm	dCNR	CNRmax	CNRmin	spectral_broadening	dspectral_broadening	Avail.7		Vhm8	dVh8	VhMax8	VhMin8	Azim8	um8	du8	vm8	dv8	wm8	dw8	CNRm	dCNR	CNRmax	CNRmin	spectral_broadening	dspectral_broadening	Avail.8		Vhm9	dVh9	VhMax9	VhMin9	Azim9	um9	du9	vm9	dv9	wm9	dw9	CNRm	dCNR	CNRmax	CNRmin	spectral_broadening	dspectral_broadening	Avail.9		Vhm10	dVh10	VhMax10	VhMin10	Azim10	um10	du10	vm10	dv10	wm10	dw10	CNRm	dCNR	CNRmax	CNRmin	spectral_broadening	dspectral_broadening	Avail.10	
03/03/2016 23:50:00	0	19.61	6.35	0.66	7.91	5.35	280.0	1.091	0.840	-6.207	0.600	-0.012	0.273	-13.27	0.19	-12.91	-13.63	1.437	0.165	92.00		6.55	0.60	8.03	5.30	282.5	1.404	0.766	-6.355	0.607	0.010	0.348	-11.43	0.15	-11.10	-11.74	1.189	0.104	92.00		6.68	0.54	7.61	5.36	283.4	1.539	0.749	-6.450	0.604	0.016	0.320	-9.63	0.17	-9.33	-10.06	1.056	0.076	92.00		6.73	0.52	7.66	5.64	285.6	1.803	0.522	-6.456	0.590	0.008	0.290	-9.37	0.23	-8.99	-9.89	0.965	0.071	92.00		6.95	0.61	7.80	5.83	285.3	1.832	0.427	-6.688	0.623	0.014	0.220	-10.63	0.26	-10.16	-11.23	0.983	0.087	92.00		7.07	0.52	8.19	5.98	283.8	1.688	0.279	-6.855	0.531	0.012	0.277	-12.31	0.28	-11.76	-12.85	1.052	0.117	92.00		7.18	0.40	7.93	6.16	284.0	1.740	0.307	-6.956	0.398	-0.036	0.170	-14.01	0.28	-13.46	-14.61	1.121	0.172	92.00		7.07	0.40	7.71	6.28	284.6	1.776	0.353	-6.837	0.398	-0.144	0.219	-15.52	0.33	-14.90	-16.35	1.252	0.205	92.00		6.89	0.57	8.11	5.93	284.5	1.723	0.513	-6.649	0.572	-0.319	0.279	-16.77	0.37	-16.05	-17.69	1.466	0.346	92.00		6.81	0.77	8.54	5.20	282.7	1.495	0.445	-6.627	0.794	-0.345	0.284	-17.97	0.46	-17.16	-19.28	1.641	0.528	92.00	
03/03/2016 23:52:00	0	20.32	7.27	0.97	8.90	4.83	285.3	1.911	0.769	-6.974	0.933	-0.017	0.259	-13.72	0.26	-12.91	-14.33	1.378	0.196	100.00		7.52	0.85	9.09	5.52	285.1	1.954	0.743	-7.228	0.841	-0.029	0.344	-11.84	0.22	-11.28	-12.50	1.189	0.141	100.00		7.72	0.77	9.47	6.24	285.4	2.046	0.730	-7.407	0.758	0.013	0.369	-10.03	0.24	-9.40	-10.70	1.041	0.105	100.00		7.79	0.86	9.35	6.07	285.9	2.124	0.711	-7.458	0.841	0.092	0.368	-9.74	0.29	-9.03	-10.55	0.935	0.109	100.00		7.87	0.90	9.62	5.87	286.5	2.219	0.751	-7.509	0.900	0.200	0.378	-10.96	0.32	-10.22	-11.74	0.961	0.116	100.00		7.81	0.84	9.48	6.10	285.6	2.092	0.619	-7.500	0.862	0.220	0.407	-12.68	0.36	-11.85	-13.69	1.007	0.153	100.00		7.78	0.85	9.83	6.53	283.7	1.835	0.486	-7.545	0.876	0.137	0.428	-14.32	0.37	-13.53	-15.16	1.085	0.202	100.00		7.79	0.91	9.87	5.87	283.1	1.755	0.537	-7.567	0.961	0.090	0.433	-15.79	0.44	-14.86	-17.00	1.200	0.309	100.00		7.85	0.99	9.48	5.87	282.4	1.685	0.600	-7.633	1.052	0.013	0.409	-17.16	0.50	-16.13	-18.39	1.305	0.386	100.00		7.86	1.11	9.84	5.66	281.1	1.500	0.659	-7.671	1.194	-0.088	0.452	-18.25	0.62	-17.13	-20.26	1.439	0.584	100.00	
03/03/2016 23:54:00	0	20.47	7.39	0.67	8.91	5.30	294.8	3.096	0.576	-6.688	0.683	0.133	0.226	-13.70	0.20	-13.26	-14.24	1.382	0.222	100.00		7.62	0.65	9.76	6.07	294.1	3.101	0.701	-6.923	0.684	0.124	0.275	-11.79	0.20	-11.17	-12.31	1.209	0.133	100.00		7.69	0.59	9.45	6.40	293.0	2.989	0.679	-7.051	0.601	0.149	0.240	-9.98	0.20	-9.46	-10.41	1.035	0.107	100.00		7.61	0.59	9.26	5.72	291.9	2.820	0.780	-7.026	0.542	0.173	0.189	-9.67	0.25	-9.10	-10.21	0.951	0.091	100.00		7.59	0.56	8.77	6.15	291.0	2.711	0.736	-7.045	0.588	0.140	0.173	-10.84	0.28	-10.24	-11.47	0.998	0.112	100.00		7.57	0.48	8.55	6.48	290.1	2.582	0.749	-7.070	0.580	0.073	0.219	-12.52	0.31	-11.74	-13.32	1.035	0.154	100.00		7.68	0.52	8.76	6.56	289.1	2.497	0.920	-7.194	0.635	0.083	0.217	-14.18	0.34	-13.34	-15.14	1.139	0.223	100.00		7.61	0.67	9.07	6.19	289.1	2.464	0.967	-7.132	0.741	0.036	0.225	-15.66	0.37	-14.66	-16.76	1.236	0.293	100.00		7.52	0.69	8.99	5.53	289.3	2.456	1.026	-7.013	0.841	0.015	0.268	-16.94	0.42	-15.94	-18.07	1.365	0.368	100.00		7.45	0.72	9.17	5.98	289.3	2.440	0.981	-6.951	0.891	0.087	0.287	-18.09	0.50	-16.99	-19.59	1.506	0.610	100.00	
03/03/2016 23:56:00	0	20.52	6.34	0.70	8.48	4.90	295.0	2.665	0.790	-5.703	0.645	-0.122	0.355	-14.19	0.27	-13.68	-14.85	1.213	0.213	100.00		6.73	0.57	8.27	5.47	293.8	2.697	0.703	-6.116	0.632	-0.120	0.426	-12.30	0.23	-11.75	-12.81	1.011	0.172	100.00		6.75	0.55	8.08	5.62	294.0	2.735	0.688	-6.131	0.619	-0.093	0.387	-10.39	0.22	-9.88	-11.04	0.917	0.115	100.00		6.81	0.63	8.08	5.07	293.7	2.722	0.766	-6.201	0.601	-0.027	0.424	-10.04	0.26	-9.50	-10.63	0.823	0.119	100.00		6.93	0.71	8.51	5.51	292.6	2.653	0.857	-6.361	0.583	-0.009	0.383	-11.24	0.31	-10.58	-11.94	0.837	0.134	100.00		7.00	0.78	8.63	5.40	293.3	2.751	0.807	-6.396	0.668	-0.065	0.402	-12.99	0.32	-12.15	-13.71	0.854	0.184	100.00		7.07	0.82	9.02	5.69	293.8	2.843	0.853	-6.433	0.707	-0.156	0.471	-14.70	0.36	-13.94	-15.60	0.860	0.253	100.00		7.04	0.78	9.35	5.72	294.9	2.938	0.815	-6.343	0.788	-0.343	0.536	-16.29	0.42	-15.30	-17.14	0.896	0.319	100.00		7.08	0.86	9.43	5.42	296.6	3.142	0.907	-6.272	0.891	-0.494	0.527	-17.70	0.51	-16.50	-18.80	0.925	0.449	100.00		7.12	0.79	9.11	5.42	296.2	3.109	1.005	-6.319	0.865	-0.583	0.513	-18.91	0.59	-17.66	-20.88	0.932	0.554	100.00	
03/03/2016 23:58:00	0	20.60	6.57	0.80	8.71	5.12	297.4	3.008	0.770	-5.796	0.717	-0.073	0.312	-14.31	0.25	-13.44	-15.02	1.036	0.215	100.00		6.63	0.91	8.41	4.76	298.0	3.099	0.815	-5.832	0.735	-0.092	0.352	-12.41	0.22	-11.69	-12.89	0.857	0.168	100.00		6.79	0.92	8.33	4.68	297.3	3.097	0.842	-6.005	0.778	-0.121	0.348	-10.41	0.20	-9.67	-10.85	0.818	0.118	100.00		6.82	0.96	8.34	4.24	295.9	2.967	0.834	-6.104	0.843	-0.140	0.360	-10.02	0.25	-9.44	-10.72	0.732	0.117	100.00		6.78	0.98	9.19	4.23	295.4	2.887	0.830	-6.092	0.886	-0.109	0.424	-11.26	0.29	-10.66	-12.06	0.734	0.136	100.00		6.62	0.86	9.03	4.34	296.2	2.900	0.878	-5.897	0.763	-0.085	0.431	-13.07	0.31	-12.40	-13.94	0.709	0.212	100.00		6.53	0.88	8.29	4.17	298.1	3.058	0.865	-5.720	0.809	-0.065	0.474	-14.84	0.35	-13.98	-16.02	0.676	0.224	100.00		6.57	0.90	8.50	4.65	299.0	3.162	0.757	-5.708	0.885	-0.097	0.498	-16.52	0.41	-15.50	-17.57	0.603	0.365	100.00		6.67	1.12	8.91	4.73	299.6	3.276	0.708	-5.763	1.160	-0.145	0.481	-17.95	0.46	-16.60	-19.35	0.589	0.385	100.00		6.70	1.17	9.86	4.97	300.3	3.354	0.770	-5.734	1.257	-0.136	0.427	-19.26	0.55	-17.46	-20.62	0.625	0.500	100.00	
04/03/2016 00:00:00	0	20.63	6.12	0.58	7.36	4.73	296.2	2.680	0.657	-5.449	0.734	-0.331	0.166	-14.31	0.26	-13.00	-15.13	1.069	0.196	100.00		6.22	0.60	7.33	5.13	295.1	2.613	0.655	-5.584	0.782	-0.388	0.192	-12.45	0.22	-11.28	-12.88	0.830	0.163	100.00		6.18	0.71	7.50	4.61	293.1	2.401	0.673	-5.631	0.902	-0.438	0.201	-10.47	0.18	-9.97	-11.07	0.822	0.109	100.00		6.32	0.85	7.93	4.42	291.6	2.304	0.722	-5.816	1.028	-0.412	0.259	-10.08	0.24	-9.59	-10.70	0.740	0.107	100.00		6.28	0.96	8.34	4.22	290.3	2.148	0.748	-5.821	1.125	-0.376	0.264	-11.30	0.30	-10.63	-11.91	0.716	0.141	100.00		6.31	1.01	8.73	4.13	290.5	2.168	0.846	-5.809	1.273	-0.340	0.238	-13.10	0.30	-12.41	-13.72	0.690	0.168	100.00		6.50	1.00	8.44	3.87	290.6	2.236	0.997	-5.957	1.333	-0.290	0.239	-14.88	0.31	-14.04	-15.66	0.646	0.264	100.00		6.60	1.05	8.81	4.24	290.8	2.282	1.135	-6.008	1.445	-0.210	0.297	-16.53	0.36	-15.66	-17.53	0.656	0.359	100.00		6.53	1.07	8.70	4.10	290.4	2.216	1.162	-5.951	1.472	-0.155	0.362	-17.97	0.39	-16.94	-19.23	0.670	0.405	100.00		6.52	1.03	8.86	4.22	289.7	2.150	1.080	-6.004	1.330	-0.129	0.432	-19.20	0.53	-18.09	-20.60	0.731	0.497	100.00	
